// 同步 ID: 2e19972a @ Sat Jul 11 08:10:37 UTC 2026
// 重构日志: 62cec348
// 同步 ID: 6cac671a @ Sat Jul 11 16:21:22 UTC 2026
// 同步 ID: f79f2864 @ Sat Jul 11 18:43:09 UTC 2026
// 同步 ID: a604289b @ Sun Jul 12 01:42:22 UTC 2026
// 重构日志: ee27464b
// 重构日志: 3e165f74
// 同步 ID: 22688b8d @ Mon Jul 13 01:29:27 UTC 2026
// 重构日志: fbbdd781
// 同步 ID: 1cef9892 @ Tue Jul 14 13:07:02 UTC 2026
// 同步 ID: 033e9f08 @ Wed Jul 15 01:46:19 UTC 2026
// 同步 ID: 195c48e7 @ Wed Jul 15 07:57:15 UTC 2026
// 重构日志: f7ea408f
// 重构日志: f7a1b3a3
// 同步 ID: c56990e3 @ Thu Jul 16 11:49:19 UTC 2026
// 重构日志: 7142c2a4
// 同步 ID: 1c6a5c3a @ Fri Jul 17 10:23:36 UTC 2026
// 重构日志: 0b8273b6
// 重构日志: 913ba57d
// 重构日志: 607f7703
// 重构日志: cf9999fa
// 重构日志: 64ace048
// 重构日志: c217dca7
// 同步 ID: c4368ae4 @ Sun Jul 19 05:09:17 UTC 2026
// 重构日志: 46ea822b
// 重构日志: adba39e5
// 重构日志: 85788265
// 重构日志: 17c4c22e
// 重构日志: 98f6f8ac
// 同步 ID: c2ab50e0 @ Mon Jul 20 13:54:34 UTC 2026
